<?xml version="1.0" encoding="UTF-8"?>
<testng-results ignored="0" total="1" passed="1" failed="0" skipped="0">
  <reporter-output>
  </reporter-output>
  <suite started-at="2020-04-28T15:45:09 IST" name="Default suite" finished-at="2020-04-28T15:45:28 IST" duration-ms="19913">
    <groups>
    </groups>
    <test started-at="2020-04-28T15:45:09 IST" name="Default test" finished-at="2020-04-28T15:45:28 IST" duration-ms="19913">
      <class name="PDFReaderTest">
        <test-method signature="readPDFTest()[pri:0, instance:PDFReaderTest@7995092a]" started-at="2020-04-28T15:45:09 IST" name="readPDFTest" finished-at="2020-04-28T15:45:28 IST" duration-ms="19720" status="PASS">
          <reporter-output>
          </reporter-output>
        </test-method> <!-- readPDFTest -->
      </class> <!-- PDFReaderTest -->
    </test> <!-- Default test -->
  </suite> <!-- Default suite -->
</testng-results>
